D:\OSAMA\PROGRAMMING\PROJECTS\KMEANSPLUSPLUS\KMEANSPLUSPLUS\DEBUG\KMEANSPP.OBJ
D:\OSAMA\PROGRAMMING\PROJECTS\KMEANSPLUSPLUS\KMEANSPLUSPLUS\DEBUG\MAIN.OBJ
D:\OSAMA\PROGRAMMING\PROJECTS\KMEANSPLUSPLUS\KMEANSPLUSPLUS\DEBUG\VC110.PDB
D:\OSAMA\PROGRAMMING\PROJECTS\KMEANSPLUSPLUS\DEBUG\KMEANSPLUSPLUS.ILK
D:\OSAMA\PROGRAMMING\PROJECTS\KMEANSPLUSPLUS\DEBUG\KMEANSPLUSPLUS.EXE
D:\OSAMA\PROGRAMMING\PROJECTS\KMEANSPLUSPLUS\DEBUG\KMEANSPLUSPLUS.PDB
D:\Osama\Programming\Projects\KMeansPlusPlus\KMeansPlusPlus\Debug\KmeansPP.obj
D:\Osama\Programming\Projects\KMeansPlusPlus\KMeansPlusPlus\Debug\main.obj
D:\Osama\Programming\Projects\KMeansPlusPlus\KMeansPlusPlus\Debug\cl.command.1.tlog
D:\Osama\Programming\Projects\KMeansPlusPlus\KMeansPlusPlus\Debug\CL.read.1.tlog
D:\Osama\Programming\Projects\KMeansPlusPlus\KMeansPlusPlus\Debug\CL.write.1.tlog
D:\Osama\Programming\Projects\KMeansPlusPlus\KMeansPlusPlus\Debug\link-cvtres.read.1.tlog
D:\Osama\Programming\Projects\KMeansPlusPlus\KMeansPlusPlus\Debug\link-cvtres.write.1.tlog
D:\Osama\Programming\Projects\KMeansPlusPlus\KMeansPlusPlus\Debug\link-rc.read.1.tlog
D:\Osama\Programming\Projects\KMeansPlusPlus\KMeansPlusPlus\Debug\link-rc.write.1.tlog
D:\Osama\Programming\Projects\KMeansPlusPlus\KMeansPlusPlus\Debug\link.5736-cvtres.read.1.tlog
D:\Osama\Programming\Projects\KMeansPlusPlus\KMeansPlusPlus\Debug\link.5736-cvtres.write.1.tlog
D:\Osama\Programming\Projects\KMeansPlusPlus\KMeansPlusPlus\Debug\link.5736-rc.read.1.tlog
D:\Osama\Programming\Projects\KMeansPlusPlus\KMeansPlusPlus\Debug\link.5736-rc.write.1.tlog
D:\Osama\Programming\Projects\KMeansPlusPlus\KMeansPlusPlus\Debug\link.5736.read.1.tlog
D:\Osama\Programming\Projects\KMeansPlusPlus\KMeansPlusPlus\Debug\link.5736.write.1.tlog
D:\Osama\Programming\Projects\KMeansPlusPlus\KMeansPlusPlus\Debug\link.command.1.tlog
D:\Osama\Programming\Projects\KMeansPlusPlus\KMeansPlusPlus\Debug\link.read.1.tlog
D:\Osama\Programming\Projects\KMeansPlusPlus\KMeansPlusPlus\Debug\link.write.1.tlog
D:\Osama\Programming\Projects\KMeansPlusPlus\KMeansPlusPlus\Debug\vc110.idb
D:\Osama\Programming\Projects\KMeansPlusPlus\KMeansPlusPlus\Debug\vc110.pdb
D:\Osama\Programming\Projects\KMeansPlusPlus\Debug\KMeansPlusPlus.pdb
D:\Osama\Programming\Projects\KMeansPlusPlus\Debug\KMeansPlusPlus.exe
D:\Osama\Programming\Projects\KMeansPlusPlus\Debug\KMeansPlusPlus.ilk
