Build started 03-May-15 7:55:25 PM.
     1>Project "D:\Osama\Programming\Projects\KMeansPlusPlus\KMeansPlusPlus\KMeansPlusPlus.vcxproj" on node 2 (Rebuild target(s)).
     1>ClCompile:
         C:\Program Files (x86)\Microsoft Visual Studio 11.0\VC\bin\CL.exe /c /ZI /nologo /W3 /WX- /Od /Oy- /D WIN32 /D _DEBUG /D _CONSOLE /D _UNICODE /D UNICODE /Gm /EHsc /RTC1 /MDd /GS /fp:precise /Zc:wchar_t /Zc:forScope /Fo"Debug\\" /Fd"Debug\vc110.pdb" /Gd /TP /analyze- /errorReport:prompt KmeansPP.cpp main.cpp
         main.cpp
     1>d:\osama\programming\projects\kmeansplusplus\kmeansplusplus\main.cpp(36): warning C4018: '<' : signed/unsigned mismatch
     1>d:\osama\programming\projects\kmeansplusplus\kmeansplusplus\main.cpp(39): warning C4018: '<' : signed/unsigned mismatch
         KmeansPP.cpp
     1>d:\osama\programming\projects\kmeansplusplus\kmeansplusplus\kmeanspp.cpp(14): warning C4018: '<=' : signed/unsigned mismatch
     1>d:\osama\programming\projects\kmeansplusplus\kmeansplusplus\kmeanspp.cpp(36): warning C4018: '<' : signed/unsigned mismatch
     1>d:\osama\programming\projects\kmeansplusplus\kmeansplusplus\kmeanspp.cpp(44): warning C4018: '<=' : signed/unsigned mismatch
     1>d:\osama\programming\projects\kmeansplusplus\kmeansplusplus\kmeanspp.cpp(74): warning C4018: '<' : signed/unsigned mismatch
     1>d:\osama\programming\projects\kmeansplusplus\kmeansplusplus\kmeanspp.cpp(79): warning C4018: '<' : signed/unsigned mismatch
     1>d:\osama\programming\projects\kmeansplusplus\kmeansplusplus\kmeanspp.cpp(83): warning C4018: '<' : signed/unsigned mismatch
     1>d:\osama\programming\projects\kmeansplusplus\kmeansplusplus\kmeanspp.cpp(87): warning C4244: 'initializing' : conversion from 'double' to 'int', possible loss of data
     1>d:\osama\programming\projects\kmeansplusplus\kmeansplusplus\kmeanspp.cpp(88): warning C4018: '<' : signed/unsigned mismatch
     1>d:\osama\programming\projects\kmeansplusplus\kmeansplusplus\kmeanspp.cpp(97): warning C4018: '<' : signed/unsigned mismatch
     1>d:\osama\programming\projects\kmeansplusplus\kmeansplusplus\kmeanspp.cpp(109): warning C4018: '<' : signed/unsigned mismatch
     1>d:\osama\programming\projects\kmeansplusplus\kmeansplusplus\kmeanspp.cpp(112): warning C4018: '<' : signed/unsigned mismatch
     1>d:\osama\programming\projects\kmeansplusplus\kmeansplusplus\kmeanspp.cpp(116): warning C4018: '<' : signed/unsigned mismatch
     1>d:\osama\programming\projects\kmeansplusplus\kmeansplusplus\kmeanspp.cpp(118): warning C4018: '<' : signed/unsigned mismatch
     1>d:\osama\programming\projects\kmeansplusplus\kmeansplusplus\kmeanspp.cpp(127): warning C4018: '<' : signed/unsigned mismatch
     1>d:\osama\programming\projects\kmeansplusplus\kmeansplusplus\kmeanspp.cpp(142): warning C4018: '<' : signed/unsigned mismatch
     1>d:\osama\programming\projects\kmeansplusplus\kmeansplusplus\kmeanspp.cpp(150): warning C4018: '<' : signed/unsigned mismatch
         Generating Code...
       Link:
         C:\Program Files (x86)\Microsoft Visual Studio 11.0\VC\bin\link.exe /ERRORREPORT:PROMPT /OUT:"D:\Osama\Programming\Projects\KMeansPlusPlus\Debug\KMeansPlusPlus.exe" /INCREMENTAL /NOLOGO kernel32.lib user32.lib gdi32.lib winspool.lib comdlg32.lib advapi32.lib shell32.lib ole32.lib oleaut32.lib uuid.lib odbc32.lib odbccp32.lib /MANIFEST /MANIFESTUAC:"level='asInvoker' uiAccess='false'" /manifest:embed /DEBUG /PDB:"D:\Osama\Programming\Projects\KMeansPlusPlus\Debug\KMeansPlusPlus.pdb" /SUBSYSTEM:CONSOLE /TLBID:1 /DYNAMICBASE /NXCOMPAT /IMPLIB:"D:\Osama\Programming\Projects\KMeansPlusPlus\Debug\KMeansPlusPlus.lib" /MACHINE:X86 Debug\KmeansPP.obj
         Debug\main.obj
         KMeansPlusPlus.vcxproj -> D:\Osama\Programming\Projects\KMeansPlusPlus\Debug\KMeansPlusPlus.exe
     1>Done Building Project "D:\Osama\Programming\Projects\KMeansPlusPlus\KMeansPlusPlus\KMeansPlusPlus.vcxproj" (Rebuild target(s)).

Build succeeded.

Time Elapsed 00:00:06.00
